<?xml version="1.0" encoding="UTF-8"?>
<testng-results ignored="0" total="1" passed="1" failed="0" skipped="0">
  <reporter-output>
  </reporter-output>
  <suite started-at="2024-02-08T08:09:41 GMT" name="Default suite" finished-at="2024-02-08T08:09:43 GMT" duration-ms="1629">
    <groups>
    </groups>
    <test started-at="2024-02-08T08:09:41 GMT" name="Default test" finished-at="2024-02-08T08:09:43 GMT" duration-ms="1629">
      <class name="restapiday1.restday2.DiffWaysToCreatePostReqPayload">
        <test-method signature="testPostUsingHashMap()[pri:0, instance:restapiday1.restday2.DiffWaysToCreatePostReqPayload@71a8adcf]" started-at="2024-02-08T08:09:41 GMT" name="testPostUsingHashMap" finished-at="2024-02-08T08:09:43 GMT" duration-ms="1585" status="PASS">
          <reporter-output>
          </reporter-output>
        </test-method> <!-- testPostUsingHashMap -->
      </class> <!-- restapiday1.restday2.DiffWaysToCreatePostReqPayload -->
    </test> <!-- Default test -->
  </suite> <!-- Default suite -->
</testng-results>
